<?xml version="1.0" encoding="UTF-8"?>
<testsuite xmlns:xsi="http://www.w3.org/2001/XMLSchema-instance" xsi:noNamespaceSchemaLocation="https://maven.apache.org/surefire/maven-surefire-plugin/xsd/surefire-test-report-3.0.xsd" version="3.0" name="com.piachimov.orderservice.OrderServiceApplicationTests" time="22.447" tests="1" errors="0" skipped="0" failures="1">
  <properties>
[...]
</properties>
  <testcase name="shouldSubmitOrder" classname="com.piachimov.orderservice.OrderServiceApplicationTests" time="1.823">
    <failure message="1 expectation failed.&#10;Expected status code &lt;201&gt; but was &lt;404&gt;.&#10;" type="java.lang.AssertionError"><![CDATA[java.lang.AssertionError: 
1 expectation failed.
Expected status code <201> but was <404>.

	at java.base/jdk.internal.reflect.NativeConstructorAccessorImpl.newInstance0(Native Method)
	at java.base/jdk.internal.reflect.NativeConstructorAccessorImpl.newInstance(NativeConstructorAccessorImpl.java:77)
	at java.base/jdk.internal.reflect.DelegatingConstructorAccessorImpl.newInstance(DelegatingConstructorAccessorImpl.java:45)
	at java.base/java.lang.reflect.Constructor.newInstanceWithCaller(Constructor.java:499)
	at java.base/java.lang.reflect.Constructor.newInstance(Constructor.java:480)
	at org.codehaus.groovy.reflection.CachedConstructor.invoke(CachedConstructor.java:73)
	at org.codehaus.groovy.runtime.callsite.ConstructorSite$ConstructorSiteNoUnwrapNoCoerce.callConstructor(ConstructorSite.java:108)
	at org.codehaus.groovy.runtime.callsite.CallSiteArray.defaultCallConstructor(CallSiteArray.java:57)
	at org.codehaus.groovy.runtime.callsite.AbstractCallSite.callConstructor(AbstractCallSite.java:263)
	at org.codehaus.groovy.runtime.callsite.AbstractCallSite.callConstructor(AbstractCallSite.java:277)
	at io.restassured.internal.ResponseSpecificationImpl$HamcrestAssertionClosure.validate(ResponseSpecificationImpl.groovy:512)
	at io.restassured.internal.ResponseSpecificationImpl$HamcrestAssertionClosure$validate$1.call(Unknown Source)
	at org.codehaus.groovy.runtime.callsite.CallSiteArray.defaultCall(CallSiteArray.java:45)
	at org.codehaus.groovy.runtime.callsite.AbstractCallSite.call(AbstractCallSite.java:125)
	at org.codehaus.groovy.runtime.callsite.AbstractCallSite.call(AbstractCallSite.java:139)
	at io.restassured.internal.ResponseSpecificationImpl.validateResponseIfRequired(ResponseSpecificationImpl.groovy:696)
	at io.restassured.internal.ResponseSpecificationImpl.this$2$validateResponseIfRequired(ResponseSpecificationImpl.groovy)
	at java.base/jdk.internal.reflect.NativeMethodAccessorImpl.invoke0(Native Method)
	at java.base/jdk.internal.reflect.NativeMethodAccessorImpl.invoke(NativeMethodAccessorImpl.java:77)
	at java.base/jdk.internal.reflect.DelegatingMethodAccessorImpl.invoke(DelegatingMethodAccessorImpl.java:43)
	at java.base/java.lang.reflect.Method.invoke(Method.java:568)
	at org.codehaus.groovy.runtime.callsite.PlainObjectMetaMethodSite.doInvoke(PlainObjectMetaMethodSite.java:43)
	at org.codehaus.groovy.runtime.callsite.PogoMetaMethodSite$PogoCachedMethodSiteNoUnwrapNoCoerce.invoke(PogoMetaMethodSite.java:198)
	at org.codehaus.groovy.runtime.callsite.PogoMetaMethodSite.callCurrent(PogoMetaMethodSite.java:62)
	at org.codehaus.groovy.runtime.callsite.CallSiteArray.defaultCallCurrent(CallSiteArray.java:49)
	at org.codehaus.groovy.runtime.callsite.AbstractCallSite.callCurrent(AbstractCallSite.java:171)
	at org.codehaus.groovy.runtime.callsite.AbstractCallSite.callCurrent(AbstractCallSite.java:185)
	at io.restassured.internal.ResponseSpecificationImpl.statusCode(ResponseSpecificationImpl.groovy:135)
	at io.restassured.specification.ResponseSpecification$statusCode$0.callCurrent(Unknown Source)
	at org.codehaus.groovy.runtime.callsite.CallSiteArray.defaultCallCurrent(CallSiteArray.java:49)
	at org.codehaus.groovy.runtime.callsite.AbstractCallSite.callCurrent(AbstractCallSite.java:171)
	at org.codehaus.groovy.runtime.callsite.AbstractCallSite.callCurrent(AbstractCallSite.java:185)
	at io.restassured.internal.ResponseSpecificationImpl.statusCode(ResponseSpecificationImpl.groovy:143)
	at io.restassured.internal.ValidatableResponseOptionsImpl.statusCode(ValidatableResponseOptionsImpl.java:89)
	at com.piachimov.orderservice.OrderServiceApplicationTests.shouldSubmitOrder(OrderServiceApplicationTests.java:49)
	at java.base/java.lang.reflect.Method.invoke(Method.java:568)
	at java.base/java.util.ArrayList.forEach(ArrayList.java:1511)
	at java.base/java.util.ArrayList.forEach(ArrayList.java:1511)
]]></failure>
    <system-out><![CDATA[12:10:05.746 [main] INFO org.springframework.test.context.support.AnnotationConfigContextLoaderUtils -- Could not detect default configuration classes for test class [com.piachimov.orderservice.OrderServiceApplicationTests]: OrderServiceApplicationTests does not declare any static, non-private, non-final, nested classes annotated with @Configuration.
12:10:05.802 [main] INFO org.testcontainers.images.PullPolicy -- Image pull policy will be performed by: DefaultPullPolicy()
12:10:05.807 [main] INFO org.testcontainers.utility.ImageNameSubstitutor -- Image name substitution will be performed by: DefaultImageNameSubstitutor (composite of 'ConfigurationFileImageNameSubstitutor' and 'PrefixingImageNameSubstitutor')
12:10:06.480 [main] INFO org.testcontainers.dockerclient.DockerClientProviderStrategy -- Found Docker environment with Environment variables, system properties and defaults. Resolved dockerHost=tcp://localhost:2375
12:10:06.482 [main] INFO org.testcontainers.DockerClientFactory -- Docker host IP address is localhost
12:10:06.499 [main] INFO org.testcontainers.DockerClientFactory -- Connected to docker: 
  Server Version: 25.0.3
  API Version: 1.44
  Operating System: Docker Desktop
  Total Memory: 15800 MB
12:10:06.523 [main] INFO tc.testcontainers/ryuk:0.6.0 -- Creating container for image: testcontainers/ryuk:0.6.0
12:10:06.800 [main] INFO tc.testcontainers/ryuk:0.6.0 -- Container testcontainers/ryuk:0.6.0 is starting: f22ae79160f475f49da82abd539845bf3e35c2edf91ae43fcd2f82a105076237
12:10:07.291 [main] INFO tc.testcontainers/ryuk:0.6.0 -- Container testcontainers/ryuk:0.6.0 started in PT0.7677853S
12:10:07.298 [main] INFO org.testcontainers.utility.RyukResourceReaper -- Ryuk started - will monitor and terminate Testcontainers containers on JVM exit
12:10:07.298 [main] INFO org.testcontainers.DockerClientFactory -- Checking the system...
12:10:07.299 [main] INFO org.testcontainers.DockerClientFactory -- ?? Docker server version should be at least 1.6.0
12:10:07.304 [main] INFO tc.mysql:8.3.0 -- Creating container for image: mysql:8.3.0
12:10:07.454 [main] INFO tc.mysql:8.3.0 -- Container mysql:8.3.0 is starting: a191369c3c72a7077b3b0d43df57e9c79d712bd1fb39e88d5277ea912f043b1f
12:10:07.851 [main] INFO tc.mysql:8.3.0 -- Waiting for database connection to become available at jdbc:mysql://localhost:50279/test using query 'SELECT 1'
12:10:20.009 [main] INFO tc.mysql:8.3.0 -- Container mysql:8.3.0 started in PT12.7049069S
12:10:20.009 [main] INFO tc.mysql:8.3.0 -- Container is started (JDBC URL: jdbc:mysql://localhost:50279/test)
12:10:20.109 [main] INFO org.springframework.boot.test.context.SpringBootTestContextBootstrapper -- Found @SpringBootConfiguration com.piachimov.orderservice.OrderServiceApplication for test class com.piachimov.orderservice.OrderServiceApplicationTests

  .   ____          _            __ _ _
 /\\ / ___'_ __ _ _(_)_ __  __ _ \ \ \ \
( ( )\___ | '_ | '_| | '_ \/ _` | \ \ \ \
 \\/  ___)| |_)| | | | | || (_| |  ) ) ) )
  '  |____| .__|_| |_|_| |_\__, | / / / /
 =========|_|==============|___/=/_/_/_/
 :: Spring Boot ::                (v3.2.5)

2024-04-26T12:10:20.626+03:00  INFO 18760 --- [order-service] [           main] c.p.o.OrderServiceApplicationTests       : Starting OrderServiceApplicationTests using Java 17.0.10 with PID 18760 (started by piachimov in C:\Users\piachimov\IdeaProjects\order-service)
2024-04-26T12:10:20.629+03:00  INFO 18760 --- [order-service] [           main] c.p.o.OrderServiceApplicationTests       : No active profile set, falling back to 1 default profile: "default"
2024-04-26T12:10:21.648+03:00  INFO 18760 --- [order-service] [           main] .s.d.r.c.RepositoryConfigurationDelegate : Bootstrapping Spring Data JPA repositories in DEFAULT mode.
2024-04-26T12:10:21.724+03:00  INFO 18760 --- [order-service] [           main] .s.d.r.c.RepositoryConfigurationDelegate : Finished Spring Data repository scanning in 63 ms. Found 1 JPA repository interface.
2024-04-26T12:10:22.503+03:00  INFO 18760 --- [order-service] [           main] o.s.b.w.embedded.tomcat.TomcatWebServer  : Tomcat initialized with port 0 (http)
2024-04-26T12:10:22.523+03:00  INFO 18760 --- [order-service] [           main] o.apache.catalina.core.StandardService   : Starting service [Tomcat]
2024-04-26T12:10:22.525+03:00  INFO 18760 --- [order-service] [           main] o.apache.catalina.core.StandardEngine    : Starting Servlet engine: [Apache Tomcat/10.1.20]
2024-04-26T12:10:22.630+03:00  INFO 18760 --- [order-service] [           main] o.a.c.c.C.[Tomcat].[localhost].[/]       : Initializing Spring embedded WebApplicationContext
2024-04-26T12:10:22.632+03:00  INFO 18760 --- [order-service] [           main] w.s.c.ServletWebServerApplicationContext : Root WebApplicationContext: initialization completed in 1720 ms
2024-04-26T12:10:23.089+03:00  INFO 18760 --- [order-service] [           main] o.f.c.internal.license.VersionPrinter    : Flyway Community Edition 9.22.3 by Redgate
2024-04-26T12:10:23.089+03:00  INFO 18760 --- [order-service] [           main] o.f.c.internal.license.VersionPrinter    : See release notes here: https://rd.gt/416ObMi
2024-04-26T12:10:23.090+03:00  INFO 18760 --- [order-service] [           main] o.f.c.internal.license.VersionPrinter    : 
2024-04-26T12:10:23.150+03:00  INFO 18760 --- [order-service] [           main] org.flywaydb.core.FlywayExecutor         : Database: jdbc:mysql://localhost:50279/test (MySQL 8.3)
2024-04-26T12:10:23.177+03:00  WARN 18760 --- [order-service] [           main] o.f.c.internal.database.base.Database    : Flyway upgrade recommended: MySQL 8.3 is newer than this version of Flyway and support has not been tested. The latest supported version of MySQL is 8.0.
2024-04-26T12:10:23.216+03:00  INFO 18760 --- [order-service] [           main] o.f.c.i.s.JdbcTableSchemaHistory         : Schema history table `test`.`flyway_schema_history` does not exist yet
2024-04-26T12:10:23.222+03:00  INFO 18760 --- [order-service] [           main] o.f.core.internal.command.DbValidate     : Successfully validated 1 migration (execution time 00:00.029s)
2024-04-26T12:10:23.265+03:00  INFO 18760 --- [order-service] [           main] o.f.c.i.s.JdbcTableSchemaHistory         : Creating Schema History table `test`.`flyway_schema_history` ...
2024-04-26T12:10:23.375+03:00  INFO 18760 --- [order-service] [           main] o.f.core.internal.command.DbMigrate      : Current version of schema `test`: << Empty Schema >>
2024-04-26T12:10:23.386+03:00  INFO 18760 --- [order-service] [           main] o.f.core.internal.command.DbMigrate      : Migrating schema `test` to version "1 - create t order table"
2024-04-26T12:10:23.425+03:00  WARN 18760 --- [order-service] [           main] o.f.c.i.s.DefaultSqlScriptExecutor       : DB: Integer display width is deprecated and will be removed in a future release. (SQL State: HY000 - Error Code: 1681)
2024-04-26T12:10:23.476+03:00  INFO 18760 --- [order-service] [           main] o.f.core.internal.command.DbMigrate      : Successfully applied 1 migration to schema `test`, now at version v1 (execution time 00:00.045s)
2024-04-26T12:10:23.603+03:00  INFO 18760 --- [order-service] [           main] o.hibernate.jpa.internal.util.LogHelper  : HHH000204: Processing PersistenceUnitInfo [name: default]
2024-04-26T12:10:23.685+03:00  INFO 18760 --- [order-service] [           main] org.hibernate.Version                    : HHH000412: Hibernate ORM core version 6.4.4.Final
2024-04-26T12:10:23.735+03:00  INFO 18760 --- [order-service] [           main] o.h.c.internal.RegionFactoryInitiator    : HHH000026: Second-level cache disabled
2024-04-26T12:10:24.065+03:00  INFO 18760 --- [order-service] [           main] o.s.o.j.p.SpringPersistenceUnitInfo      : No LoadTimeWeaver setup: ignoring JPA class transformer
2024-04-26T12:10:24.101+03:00  INFO 18760 --- [order-service] [           main] com.zaxxer.hikari.HikariDataSource       : HikariPool-1 - Starting...
2024-04-26T12:10:24.165+03:00  INFO 18760 --- [order-service] [           main] com.zaxxer.hikari.pool.HikariPool        : HikariPool-1 - Added connection com.mysql.cj.jdbc.ConnectionImpl@670aac24
2024-04-26T12:10:24.167+03:00  INFO 18760 --- [order-service] [           main] com.zaxxer.hikari.HikariDataSource       : HikariPool-1 - Start completed.
2024-04-26T12:10:25.232+03:00  INFO 18760 --- [order-service] [           main] o.h.e.t.j.p.i.JtaPlatformInitiator       : HHH000489: No JTA platform available (set 'hibernate.transaction.jta.platform' to enable JTA platform integration)
2024-04-26T12:10:25.237+03:00  INFO 18760 --- [order-service] [           main] j.LocalContainerEntityManagerFactoryBean : Initialized JPA EntityManagerFactory for persistence unit 'default'
2024-04-26T12:10:25.580+03:00  WARN 18760 --- [order-service] [           main] JpaBaseConfiguration$JpaWebConfiguration : spring.jpa.open-in-view is enabled by default. Therefore, database queries may be performed during view rendering. Explicitly configure spring.jpa.open-in-view to disable this warning
2024-04-26T12:10:26.150+03:00  INFO 18760 --- [order-service] [           main] o.s.b.w.embedded.tomcat.TomcatWebServer  : Tomcat started on port 50399 (http) with context path ''
2024-04-26T12:10:26.165+03:00  INFO 18760 --- [order-service] [           main] c.p.o.OrderServiceApplicationTests       : Started OrderServiceApplicationTests in 5.912 seconds (process running for 21.358)
2024-04-26T12:10:27.755+03:00  INFO 18760 --- [order-service] [o-auto-1-exec-1] o.a.c.c.C.[Tomcat].[localhost].[/]       : Initializing Spring DispatcherServlet 'dispatcherServlet'
2024-04-26T12:10:27.755+03:00  INFO 18760 --- [order-service] [o-auto-1-exec-1] o.s.web.servlet.DispatcherServlet        : Initializing Servlet 'dispatcherServlet'
2024-04-26T12:10:27.757+03:00  INFO 18760 --- [order-service] [o-auto-1-exec-1] o.s.web.servlet.DispatcherServlet        : Completed initialization in 1 ms
HTTP/1.1 404 
Vary: Origin
Vary: Access-Control-Request-Method
Vary: Access-Control-Request-Headers
Content-Type: application/json
Transfer-Encoding: chunked
Date: Fri, 26 Apr 2024 09:10:27 GMT
Keep-Alive: timeout=60
Connection: keep-alive

{
    "timestamp": "2024-04-26T09:10:27.815+00:00",
    "status": 404,
    "error": "Not Found",
    "path": "/api/order"
}
]]></system-out>
  </testcase>
</testsuite>